action: py36, msg: getenv
cwd: /c/Clients/Personal/overwatch-league-skill/overwatch-league
cmd: /c/Clients/Personal/overwatch-league-skill/overwatch-league/.tox/py36/bin/python -m pip install -rrequirements.txt pytest
Collecting pytest
  Using cached https://files.pythonhosted.org/packages/2f/19/d5f71752f71451ccc5ed5f6739e9da4a235f38783fdaf3629cae41b2ca7b/pytest-5.1.2-py3-none-any.whl
Collecting pathlib>=1.0.1 (from -r requirements.txt (line 1))
Collecting ask-sdk>=1.11.0 (from -r requirements.txt (line 2))
  Using cached https://files.pythonhosted.org/packages/43/b0/d7a6c923d183ed43f692ac978046c73689d369117079b708b060388e5b9b/ask_sdk-1.11.0-py2.py3-none-any.whl
Collecting simplejson>=3.16.0 (from -r requirements.txt (line 3))
Collecting attrs>=17.4.0 (from pytest)
  Using cached https://files.pythonhosted.org/packages/23/96/d828354fa2dbdf216eaa7b7de0db692f12c234f7ef888cc14980ef40d1d2/attrs-19.1.0-py2.py3-none-any.whl
Collecting pluggy<1.0,>=0.12 (from pytest)
  Using cached https://files.pythonhosted.org/packages/92/c7/48439f7d5fd6bddb4c04b850bb862b42e3e2b98570040dfaf68aedd8114b/pluggy-0.13.0-py2.py3-none-any.whl
Collecting atomicwrites>=1.0 (from pytest)
  Using cached https://files.pythonhosted.org/packages/52/90/6155aa926f43f2b2a22b01be7241be3bfd1ceaf7d0b3267213e8127d41f4/atomicwrites-1.3.0-py2.py3-none-any.whl
Collecting packaging (from pytest)
  Using cached https://files.pythonhosted.org/packages/ec/22/630ac83e8f8a9566c4f88038447ed9e16e6f10582767a01f31c769d9a71e/packaging-19.1-py2.py3-none-any.whl
Collecting py>=1.5.0 (from pytest)
  Using cached https://files.pythonhosted.org/packages/76/bc/394ad449851729244a97857ee14d7cba61ddb268dce3db538ba2f2ba1f0f/py-1.8.0-py2.py3-none-any.whl
Collecting wcwidth (from pytest)
  Using cached https://files.pythonhosted.org/packages/7e/9f/526a6947247599b084ee5232e4f9190a38f398d7300d866af3ab571a5bfe/wcwidth-0.1.7-py2.py3-none-any.whl
Collecting importlib-metadata>=0.12; python_version < "3.8" (from pytest)
  Using cached https://files.pythonhosted.org/packages/ba/15/29e4fe1624373be313b5a2565d72ca9121a37f40472112f46eda8dc1235b/importlib_metadata-0.22-py2.py3-none-any.whl
Collecting more-itertools>=4.0.0 (from pytest)
  Using cached https://files.pythonhosted.org/packages/45/dc/3241eef99eb45f1def35cf93af35d1cf9ef4c0991792583b8f33ea41b092/more_itertools-7.2.0-py3-none-any.whl
Collecting ask-sdk-dynamodb-persistence-adapter>=1.1.0 (from ask-sdk>=1.11.0->-r requirements.txt (line 2))
  Using cached https://files.pythonhosted.org/packages/7d/a0/c0b398cc08aa7e1f10fe2b5a88f74c197c3bf6e047a93b5465fee92e9eaa/ask_sdk_dynamodb_persistence_adapter-1.11.0-py2.py3-none-any.whl
Collecting ask-sdk-core>=1.1.0 (from ask-sdk>=1.11.0->-r requirements.txt (line 2))
  Using cached https://files.pythonhosted.org/packages/12/fb/9d2ca312010d66f6635a0ce70e9a9da1df81b0e7cd97dee5dbab5337c964/ask_sdk_core-1.11.0-py2.py3-none-any.whl
Collecting pyparsing>=2.0.2 (from packaging->pytest)
  Using cached https://files.pythonhosted.org/packages/11/fa/0160cd525c62d7abd076a070ff02b2b94de589f1a9789774f17d7c54058e/pyparsing-2.4.2-py2.py3-none-any.whl
Collecting six (from packaging->pytest)
  Using cached https://files.pythonhosted.org/packages/73/fb/00a976f728d0d1fecfe898238ce23f502a721c0ac0ecfedb80e0d88c64e9/six-1.12.0-py2.py3-none-any.whl
Collecting zipp>=0.5 (from importlib-metadata>=0.12; python_version < "3.8"->pytest)
  Using cached https://files.pythonhosted.org/packages/74/3d/1ee25a26411ba0401b43c6376d2316a71addcc72ef8690b101b4ea56d76a/zipp-0.6.0-py2.py3-none-any.whl
Collecting boto3 (from ask-sdk-dynamodb-persistence-adapter>=1.1.0->ask-sdk>=1.11.0->-r requirements.txt (line 2))
  Using cached https://files.pythonhosted.org/packages/16/e4/91e772079f1a5f48262da2d47136eb96a14348f320a96382ecff3aaaf7c9/boto3-1.9.228-py2.py3-none-any.whl
Collecting python-dateutil (from ask-sdk-core>=1.1.0->ask-sdk>=1.11.0->-r requirements.txt (line 2))
  Using cached https://files.pythonhosted.org/packages/41/17/c62faccbfbd163c7f57f3844689e3a78bae1f403648a6afb1d0866d87fbb/python_dateutil-2.8.0-py2.py3-none-any.whl
Collecting ask-sdk-model>=1.0.0 (from ask-sdk-core>=1.1.0->ask-sdk>=1.11.0->-r requirements.txt (line 2))
  Using cached https://files.pythonhosted.org/packages/1d/8d/0ecae48797a4669224514d547639d819527f5975e43d2fdea99b257ce5eb/ask_sdk_model-1.14.0-py2.py3-none-any.whl
Collecting ask-sdk-runtime>=1.1.0 (from ask-sdk-core>=1.1.0->ask-sdk>=1.11.0->-r requirements.txt (line 2))
  Using cached https://files.pythonhosted.org/packages/d3/a0/1a2d4613f1de4565d000480aa64b999d97a1682deb060f55d6a8ca6739a9/ask_sdk_runtime-1.11.0-py2.py3-none-any.whl
Collecting requests (from ask-sdk-core>=1.1.0->ask-sdk>=1.11.0->-r requirements.txt (line 2))
  Using cached https://files.pythonhosted.org/packages/51/bd/23c926cd341ea6b7dd0b2a00aba99ae0f828be89d72b2190f27c11d4b7fb/requests-2.22.0-py2.py3-none-any.whl
Collecting s3transfer<0.3.0,>=0.2.0 (from boto3->ask-sdk-dynamodb-persistence-adapter>=1.1.0->ask-sdk>=1.11.0->-r requirements.txt (line 2))
  Using cached https://files.pythonhosted.org/packages/16/8a/1fc3dba0c4923c2a76e1ff0d52b305c44606da63f718d14d3231e21c51b0/s3transfer-0.2.1-py2.py3-none-any.whl
Collecting jmespath<1.0.0,>=0.7.1 (from boto3->ask-sdk-dynamodb-persistence-adapter>=1.1.0->ask-sdk>=1.11.0->-r requirements.txt (line 2))
  Using cached https://files.pythonhosted.org/packages/83/94/7179c3832a6d45b266ddb2aac329e101367fbdb11f425f13771d27f225bb/jmespath-0.9.4-py2.py3-none-any.whl
Collecting botocore<1.13.0,>=1.12.228 (from boto3->ask-sdk-dynamodb-persistence-adapter>=1.1.0->ask-sdk>=1.11.0->-r requirements.txt (line 2))
  Using cached https://files.pythonhosted.org/packages/f7/5c/b66a2241e5030c491f982c6b9646c008559aa7cd7f4448f643e8ed9f15e5/botocore-1.12.228-py2.py3-none-any.whl
Collecting certifi>=2017.4.17 (from requests->ask-sdk-core>=1.1.0->ask-sdk>=1.11.0->-r requirements.txt (line 2))
  Using cached https://files.pythonhosted.org/packages/18/b0/8146a4f8dd402f60744fa380bc73ca47303cccf8b9190fd16a827281eac2/certifi-2019.9.11-py2.py3-none-any.whl
Collecting urllib3!=1.25.0,!=1.25.1,<1.26,>=1.21.1 (from requests->ask-sdk-core>=1.1.0->ask-sdk>=1.11.0->-r requirements.txt (line 2))
  Using cached https://files.pythonhosted.org/packages/e6/60/247f23a7121ae632d62811ba7f273d0e58972d75e58a94d329d51550a47d/urllib3-1.25.3-py2.py3-none-any.whl
Collecting chardet<3.1.0,>=3.0.2 (from requests->ask-sdk-core>=1.1.0->ask-sdk>=1.11.0->-r requirements.txt (line 2))
  Using cached https://files.pythonhosted.org/packages/bc/a9/01ffebfb562e4274b6487b4bb1ddec7ca55ec7510b22e4c51f14098443b8/chardet-3.0.4-py2.py3-none-any.whl
Collecting idna<2.9,>=2.5 (from requests->ask-sdk-core>=1.1.0->ask-sdk>=1.11.0->-r requirements.txt (line 2))
  Using cached https://files.pythonhosted.org/packages/14/2c/cd551d81dbe15200be1cf41cd03869a46fe7226e7450af7a6545bfc474c9/idna-2.8-py2.py3-none-any.whl
Collecting docutils<0.16,>=0.10 (from botocore<1.13.0,>=1.12.228->boto3->ask-sdk-dynamodb-persistence-adapter>=1.1.0->ask-sdk>=1.11.0->-r requirements.txt (line 2))
  Using cached https://files.pythonhosted.org/packages/22/cd/a6aa959dca619918ccb55023b4cb151949c64d4d5d55b3f4ffd7eee0c6e8/docutils-0.15.2-py3-none-any.whl
Installing collected packages: attrs, more-itertools, zipp, importlib-metadata, pluggy, atomicwrites, pyparsing, six, packaging, py, wcwidth, pytest, pathlib, jmespath, python-dateutil, docutils, urllib3, botocore, s3transfer, boto3, ask-sdk-model, ask-sdk-runtime, certifi, chardet, idna, requests, ask-sdk-core, ask-sdk-dynamodb-persistence-adapter, ask-sdk, simplejson
Successfully installed ask-sdk-1.11.0 ask-sdk-core-1.11.0 ask-sdk-dynamodb-persistence-adapter-1.11.0 ask-sdk-model-1.14.0 ask-sdk-runtime-1.11.0 atomicwrites-1.3.0 attrs-19.1.0 boto3-1.9.228 botocore-1.12.228 certifi-2019.9.11 chardet-3.0.4 docutils-0.15.2 idna-2.8 importlib-metadata-0.22 jmespath-0.9.4 more-itertools-7.2.0 packaging-19.1 pathlib-1.0.1 pluggy-0.13.0 py-1.8.0 pyparsing-2.4.2 pytest-5.1.2 python-dateutil-2.8.0 requests-2.22.0 s3transfer-0.2.1 simplejson-3.16.0 six-1.12.0 urllib3-1.25.3 wcwidth-0.1.7 zipp-0.6.0
